<?xml version="1.0" encoding="UTF-8"?>
<!-- Generated by org.testng.reporters.JUnitReportReporter -->
<testsuite name="com.course.cases.GetUserInfoCase" tests="1" time="0.078" ignored="0" failures="0" timestamp="28 十二月 2019 08:00:55 GMT" skipped="0" hostname="DESKTOP-SUN" errors="0">
  <testcase name="GetUserInfoCase" time="0.078" classname="com.course.cases.GetUserInfoCase"/>
</testsuite> <!-- com.course.cases.GetUserInfoCase -->
