<?xml version="1.0" encoding="UTF-8"?>
<!-- Generated by org.testng.reporters.JUnitReportReporter -->
<testsuite name="com.course.cases.GetUserListCase" tests="1" time="0.258" ignored="0" failures="0" timestamp="19 十二月 2019 08:44:19 GMT" skipped="0" hostname="DESKTOP-SUN" errors="0">
  <testcase name="getUserListCase" time="0.258" classname="com.course.cases.GetUserListCase"/>
</testsuite> <!-- com.course.cases.GetUserListCase -->
