<?xml version="1.0" encoding="UTF-8"?>
<!-- Generated by org.testng.reporters.JUnitReportReporter -->
<testsuite name="com.course.cases.LoginCase" tests="2" time="4.186" ignored="0" failures="0" timestamp="28 十二月 2019 08:00:55 GMT" skipped="0" hostname="DESKTOP-SUN" errors="0">
  <testcase name="LoginFail" time="4.093" classname="com.course.cases.LoginCase"/>
  <testcase name="LoginSuccess" time="0.093" classname="com.course.cases.LoginCase"/>
</testsuite> <!-- com.course.cases.LoginCase -->
