<?xml version="1.0" encoding="UTF-8"?>
<!-- Generated by org.testng.reporters.JUnitReportReporter -->
<testsuite name="com.course.cases.AddUserCase" tests="1" time="0.125" ignored="0" failures="0" timestamp="19 十二月 2019 08:44:19 GMT" skipped="0" hostname="DESKTOP-SUN" errors="0">
  <testcase name="addUser" time="0.125" classname="com.course.cases.AddUserCase"/>
</testsuite> <!-- com.course.cases.AddUserCase -->
