<?xml version="1.0" encoding="UTF-8"?>
<!-- Generated by org.testng.reporters.JUnitReportReporter -->
<testsuite name="com.course.cases.LoginCase" tests="2" time="2.877" ignored="0" failures="0" timestamp="19 十二月 2019 08:44:19 GMT" skipped="0" hostname="DESKTOP-SUN" errors="0">
  <testcase name="LoginFail" time="2.736" classname="com.course.cases.LoginCase"/>
  <testcase name="LoginSuccess" time="0.141" classname="com.course.cases.LoginCase"/>
</testsuite> <!-- com.course.cases.LoginCase -->
